{"/Users/ww24/Documents/Dropbox/HIT/densan.info-network-course/nodejs/08/factorial.js":{"path":"/Users/ww24/Documents/Dropbox/HIT/densan.info-network-course/nodejs/08/factorial.js","s":{"1":1,"2":1,"3":16,"4":1,"5":15,"6":1,"7":14,"8":4,"9":10},"b":{"1":[1,15],"2":[1,14],"3":[4,10]},"f":{"1":16},"fnMap":{"1":{"name":"factorial","line":4,"loc":{"start":{"line":4,"column":0},"end":{"line":4,"column":22}}}},"statementMap":{"1":{"start":{"line":2,"column":0},"end":{"line":2,"column":27}},"2":{"start":{"line":4,"column":0},"end":{"line":12,"column":1}},"3":{"start":{"line":5,"column":2},"end":{"line":6,"column":54}},"4":{"start":{"line":6,"column":4},"end":{"line":6,"column":54}},"5":{"start":{"line":7,"column":2},"end":{"line":8,"column":55}},"6":{"start":{"line":8,"column":4},"end":{"line":8,"column":55}},"7":{"start":{"line":10,"column":2},"end":{"line":10,"column":23}},"8":{"start":{"line":10,"column":14},"end":{"line":10,"column":23}},"9":{"start":{"line":11,"column":2},"end":{"line":11,"column":37}}},"branchMap":{"1":{"line":5,"type":"if","locations":[{"start":{"line":5,"column":2},"end":{"line":5,"column":2}},{"start":{"line":5,"column":2},"end":{"line":5,"column":2}}]},"2":{"line":7,"type":"if","locations":[{"start":{"line":7,"column":2},"end":{"line":7,"column":2}},{"start":{"line":7,"column":2},"end":{"line":7,"column":2}}]},"3":{"line":10,"type":"if","locations":[{"start":{"line":10,"column":2},"end":{"line":10,"column":2}},{"start":{"line":10,"column":2},"end":{"line":10,"column":2}}]}}}}